<?xml version="1.0" encoding="UTF-8"?>
<!-- Generated by org.testng.reporters.JUnitReportReporter -->
<testsuite hostname="Admin234-PC" failures="0" tests="1" name="testNGPack.Demo" time="0.020" errors="0" timestamp="2022-08-22T10:28:53 IST" skipped="0">
  <testcase classname="testNGPack.Demo" name="method" time="0.020"/>
  <system-out>
    <![CDATA[method 1]]>
  </system-out>
</testsuite> <!-- testNGPack.Demo -->
