<?xml version="1.0" encoding="UTF-8"?>
<!-- Generated by org.testng.reporters.JUnitReportReporter -->
<testsuite hostname="Admin234-PC" failures="0" tests="1" name="testNGPack.Remo" time="0.003" errors="0" timestamp="2022-08-22T10:28:53 IST" skipped="0">
  <testcase classname="testNGPack.Remo" name="method2" time="0.003"/>
  <system-out>
    <![CDATA[method2]]>
  </system-out>
</testsuite> <!-- testNGPack.Remo -->
