<?xml version="1.0" encoding="UTF-8"?>
<!-- Generated by org.testng.reporters.JUnitReportReporter -->
<testsuite hostname="Admin234-PC" failures="0" tests="1" name="testNGPack.Flag1" time="0.015" errors="0" timestamp="2022-08-22T10:38:56 IST" skipped="0">
  <testcase classname="testNGPack.Flag1" name="method1" time="0.015"/>
  <system-out>
    <![CDATA[description]]>
  </system-out>
</testsuite> <!-- testNGPack.Flag1 -->
