<?xml version="1.0" encoding="UTF-8"?>
<!-- Generated by org.testng.reporters.JUnitReportReporter -->
<testsuite hostname="Admin234-PC" failures="0" tests="3" name="testNGPack.Flag2Enable" time="0.034" errors="0" timestamp="2022-08-22T10:44:27 IST" skipped="1">
  <testcase classname="testNGPack.Flag2Enable" name="c" time="0.003"/>
  <system-out>
    <![CDATA[c]]>
  </system-out>
  <testcase classname="testNGPack.Flag2Enable" name="a" time="0.031"/>
  <system-out>
    <![CDATA[a]]>
  </system-out>
  <testcase classname="testNGPack.Flag2Enable" name="b">
    <skipped/>
  </testcase> <!-- b -->
  <system-out/>
</testsuite> <!-- testNGPack.Flag2Enable -->
