<?xml version="1.0" encoding="UTF-8"?>
<!-- Generated by org.testng.reporters.JUnitReportReporter -->
<testsuite hostname="Admin234-PC" failures="0" tests="18" name="testNGPack.Flag6Group" time="0.085" errors="0" timestamp="2022-08-26T19:41:18 IST" skipped="0">
  <testcase classname="testNGPack.Flag6Group" name="it1" time="0.003"/>
  <system-out>
    <![CDATA[Integration test case 1]]>
  </system-out>
  <testcase classname="testNGPack.Flag6Group" name="it5" time="0.003"/>
  <system-out>
    <![CDATA[Integration test case 5]]>
  </system-out>
  <testcase classname="testNGPack.Flag6Group" name="it3" time="0.003"/>
  <system-out>
    <![CDATA[Integration test case 3]]>
  </system-out>
  <testcase classname="testNGPack.Flag6Group" name="it6" time="0.003"/>
  <system-out>
    <![CDATA[Integration test case 6]]>
  </system-out>
  <testcase classname="testNGPack.Flag6Group" name="st4" time="0.003"/>
  <system-out>
    <![CDATA[Smoke test case 4]]>
  </system-out>
  <testcase classname="testNGPack.Flag6Group" name="it4" time="0.004"/>
  <system-out>
    <![CDATA[Integration test case 4]]>
  </system-out>
  <testcase classname="testNGPack.Flag6Group" name="st1" time="0.003"/>
  <system-out>
    <![CDATA[Smoke test case 1]]>
  </system-out>
  <testcase classname="testNGPack.Flag6Group" name="ft3" time="0.005"/>
  <system-out>
    <![CDATA[Functional test case 3]]>
  </system-out>
  <testcase classname="testNGPack.Flag6Group" name="st5" time="0.003"/>
  <system-out>
    <![CDATA[Smoke test case 5]]>
  </system-out>
  <testcase classname="testNGPack.Flag6Group" name="st2" time="0.005"/>
  <system-out>
    <![CDATA[Smoke test case 2]]>
  </system-out>
  <testcase classname="testNGPack.Flag6Group" name="it2" time="0.004"/>
  <system-out>
    <![CDATA[Integration test case 2]]>
  </system-out>
  <testcase classname="testNGPack.Flag6Group" name="ft5" time="0.003"/>
  <system-out>
    <![CDATA[Functional test case 5]]>
  </system-out>
  <testcase classname="testNGPack.Flag6Group" name="ft2" time="0.003"/>
  <system-out>
    <![CDATA[Functional test case 2]]>
  </system-out>
  <testcase classname="testNGPack.Flag6Group" name="ft4" time="0.003"/>
  <system-out>
    <![CDATA[Functional test case 4]]>
  </system-out>
  <testcase classname="testNGPack.Flag6Group" name="st6" time="0.003"/>
  <system-out>
    <![CDATA[Smoke test case 6]]>
  </system-out>
  <testcase classname="testNGPack.Flag6Group" name="ft6" time="0.012"/>
  <system-out>
    <![CDATA[Functional test case 6]]>
  </system-out>
  <testcase classname="testNGPack.Flag6Group" name="st3" time="0.002"/>
  <system-out>
    <![CDATA[Smoke test case 3]]>
  </system-out>
  <testcase classname="testNGPack.Flag6Group" name="ft1" time="0.020"/>
  <system-out>
    <![CDATA[Functional test case 1]]>
  </system-out>
</testsuite> <!-- testNGPack.Flag6Group -->
