<?xml version="1.0" encoding="UTF-8"?>
<!-- Generated by org.testng.reporters.JUnitReportReporter -->
<testsuite hostname="Admin234-PC" failures="0" tests="6" name="testNGPack.Flag3Priority" time="0.029" errors="0" timestamp="2022-08-22T10:51:24 IST" skipped="0">
  <testcase classname="testNGPack.Flag3Priority" name="f" time="0.021"/>
  <system-out>
    <![CDATA[method a]]>
  </system-out>
  <testcase classname="testNGPack.Flag3Priority" name="d" time="0.002"/>
  <system-out>
    <![CDATA[method a]]>
  </system-out>
  <testcase classname="testNGPack.Flag3Priority" name="b" time="0.001"/>
  <system-out>
    <![CDATA[method a]]>
  </system-out>
  <testcase classname="testNGPack.Flag3Priority" name="a" time="0.002"/>
  <system-out>
    <![CDATA[method a]]>
  </system-out>
  <testcase classname="testNGPack.Flag3Priority" name="e" time="0.002"/>
  <system-out>
    <![CDATA[method a]]>
  </system-out>
  <testcase classname="testNGPack.Flag3Priority" name="c" time="0.001"/>
  <system-out>
    <![CDATA[method a]]>
  </system-out>
</testsuite> <!-- testNGPack.Flag3Priority -->
